16:12:42.876 [AsyncHttpClient-1-2] DEBUG io.netty.buffer.AbstractByteBuf - -Dio.netty.buffer.checkAccessible: true
16:12:42.882 [AsyncHttpClient-1-2] DEBUG io.netty.buffer.AbstractByteBuf - -Dio.netty.buffer.checkBounds: true
16:12:42.882 [AsyncHttpClient-1-2] DEBUG io.netty.util.ResourceLeakDetectorFactory - Loaded default ResourceLeakDetector: io.netty.util.ResourceLeakDetector@434c5f81
16:12:42.900 [AsyncHttpClient-1-2] DEBUG io.netty.util.Recycler - -Dio.netty.recycler.maxCapacityPerThread: 4096
16:12:42.900 [AsyncHttpClient-1-2] DEBUG io.netty.util.Recycler - -Dio.netty.recycler.maxSharedCapacityFactor: 2
16:12:42.906 [AsyncHttpClient-1-2] DEBUG io.netty.util.Recycler - -Dio.netty.recycler.linkCapacity: 16
16:12:42.906 [AsyncHttpClient-1-2] DEBUG io.netty.util.Recycler - -Dio.netty.recycler.ratio: 8
16:12:42.906 [AsyncHttpClient-1-2] DEBUG io.netty.util.Recycler - -Dio.netty.recycler.delayedQueue.ratio: 8
16:12:43.694 [AsyncHttpClient-1-2] DEBUG io.netty.handler.codec.compression.Brotli - brotli4j not in the classpath; Brotli support will be unavailable.
16:12:43.843 [main] DEBUG io.netty.util.internal.ThreadLocalRandom - -Dio.netty.initialSeedUniquifier: 0xc5efedb670743706
16:12:43.884 [main] INFO  testcases.TC_003_LoginDDTtestcase - Chrome browser Launched
16:12:44.914 [main] INFO  testcases.TC_003_LoginDDTtestcase - Log in DDT Test Started
16:12:46.618 [main] INFO  testcases.TC_003_LoginDDTtestcase - Home page Opened
16:12:46.896 [main] INFO  testcases.TC_003_LoginDDTtestcase - click the MyAccount option
16:12:48.143 [main] INFO  testcases.TC_003_LoginDDTtestcase - click the Login option
16:12:48.227 [main] INFO  testcases.TC_003_LoginDDTtestcase - TAke the email from xl sheet
16:12:48.295 [main] INFO  testcases.TC_003_LoginDDTtestcase - Take the pw from xl sheet
16:12:50.590 [main] INFO  testcases.TC_003_LoginDDTtestcase - Click the login button
16:12:50.633 [main] INFO  testcases.TC_003_LoginDDTtestcase - Login Success
16:12:52.738 [main] INFO  testcases.TC_003_LoginDDTtestcase - Logout from page
16:12:52.740 [main] INFO  testcases.TC_003_LoginDDTtestcase - TC_003_LoginDDTtest finished
16:12:52.758 [main] INFO  testcases.TC_003_LoginDDTtestcase - Log in DDT Test Started
16:12:53.957 [main] INFO  testcases.TC_003_LoginDDTtestcase - Home page Opened
16:12:54.013 [main] INFO  testcases.TC_003_LoginDDTtestcase - click the MyAccount option
16:12:55.232 [main] INFO  testcases.TC_003_LoginDDTtestcase - click the Login option
16:12:55.305 [main] INFO  testcases.TC_003_LoginDDTtestcase - TAke the email from xl sheet
16:12:55.357 [main] INFO  testcases.TC_003_LoginDDTtestcase - Take the pw from xl sheet
16:12:56.784 [main] INFO  testcases.TC_003_LoginDDTtestcase - Click the login button
16:13:06.815 [main] INFO  testcases.TC_003_LoginDDTtestcase - TC_003_LoginDDTtest finished
16:13:06.817 [main] INFO  testcases.TC_003_LoginDDTtestcase - Log in DDT Test Started
16:13:08.117 [main] INFO  testcases.TC_003_LoginDDTtestcase - Home page Opened
16:13:08.180 [main] INFO  testcases.TC_003_LoginDDTtestcase - click the MyAccount option
16:13:09.391 [main] INFO  testcases.TC_003_LoginDDTtestcase - click the Login option
16:13:09.456 [main] INFO  testcases.TC_003_LoginDDTtestcase - TAke the email from xl sheet
16:13:09.508 [main] INFO  testcases.TC_003_LoginDDTtestcase - Take the pw from xl sheet
16:13:10.891 [main] INFO  testcases.TC_003_LoginDDTtestcase - Click the login button
16:13:20.910 [main] INFO  testcases.TC_003_LoginDDTtestcase - TC_003_LoginDDTtest finished
16:13:20.911 [main] INFO  testcases.TC_003_LoginDDTtestcase - Log in DDT Test Started
16:13:22.165 [main] INFO  testcases.TC_003_LoginDDTtestcase - Home page Opened
16:13:22.231 [main] INFO  testcases.TC_003_LoginDDTtestcase - click the MyAccount option
16:13:23.436 [main] INFO  testcases.TC_003_LoginDDTtestcase - click the Login option
16:13:23.499 [main] INFO  testcases.TC_003_LoginDDTtestcase - TAke the email from xl sheet
16:13:23.556 [main] INFO  testcases.TC_003_LoginDDTtestcase - Take the pw from xl sheet
16:13:24.985 [main] INFO  testcases.TC_003_LoginDDTtestcase - Click the login button
16:13:35.009 [main] INFO  testcases.TC_003_LoginDDTtestcase - TC_003_LoginDDTtest finished
16:13:35.011 [main] INFO  testcases.TC_003_LoginDDTtestcase - Log in DDT Test Started
16:13:36.302 [main] INFO  testcases.TC_003_LoginDDTtestcase - Home page Opened
16:13:36.360 [main] INFO  testcases.TC_003_LoginDDTtestcase - click the MyAccount option
16:13:37.626 [main] INFO  testcases.TC_003_LoginDDTtestcase - click the Login option
16:13:37.806 [main] INFO  testcases.TC_003_LoginDDTtestcase - Login failed
16:13:37.806 [main] INFO  testcases.TC_003_LoginDDTtestcase - TC_003_LoginDDTtest finished
21:48:55.614 [main] DEBUG io.netty.util.internal.logging.InternalLoggerFactory - Using Log4J2 as the default logging framework
21:48:55.629 [main] DEBUG io.netty.util.ResourceLeakDetector - -Dio.netty.leakDetection.level: simple
21:48:55.629 [main] DEBUG io.netty.util.ResourceLeakDetector - -Dio.netty.leakDetection.targetRecords: 4
21:48:55.635 [main] DEBUG io.netty.util.ResourceLeakDetectorFactory - Loaded default ResourceLeakDetector: io.netty.util.ResourceLeakDetector@4acf72b6
21:48:55.663 [main] DEBUG io.netty.util.internal.PlatformDependent0 - -Dio.netty.noUnsafe: false
21:48:55.663 [main] DEBUG io.netty.util.internal.PlatformDependent0 - Java version: 8
21:48:55.665 [main] DEBUG io.netty.util.internal.PlatformDependent0 - sun.misc.Unsafe.theUnsafe: available
21:48:55.666 [main] DEBUG io.netty.util.internal.PlatformDependent0 - sun.misc.Unsafe.copyMemory: available
21:48:55.666 [main] DEBUG io.netty.util.internal.PlatformDependent0 - java.nio.Buffer.address: available
21:48:55.667 [main] DEBUG io.netty.util.internal.PlatformDependent0 - direct buffer constructor: available
21:48:55.668 [main] DEBUG io.netty.util.internal.PlatformDependent0 - java.nio.Bits.unaligned: available, true
21:48:55.668 [main] DEBUG io.netty.util.internal.PlatformDependent0 - jdk.internal.misc.Unsafe.allocateUninitializedArray(int): unavailable prior to Java9
21:48:55.668 [main] DEBUG io.netty.util.internal.PlatformDependent0 - java.nio.DirectByteBuffer.<init>(long, int): available
21:48:55.668 [main] DEBUG io.netty.util.internal.PlatformDependent - sun.misc.Unsafe: available
21:48:55.669 [main] DEBUG io.netty.util.internal.PlatformDependent - -Dio.netty.tmpdir: C:\Users\91918\AppData\Local\Temp (java.io.tmpdir)
21:48:55.669 [main] DEBUG io.netty.util.internal.PlatformDependent - -Dio.netty.bitMode: 64 (sun.arch.data.model)
21:48:55.669 [main] DEBUG io.netty.util.internal.PlatformDependent - Platform: Windows
21:48:55.671 [main] DEBUG io.netty.util.internal.PlatformDependent - -Dio.netty.maxDirectMemory: 1860698112 bytes
21:48:55.671 [main] DEBUG io.netty.util.internal.PlatformDependent - -Dio.netty.uninitializedArrayAllocationThreshold: -1
21:48:55.672 [main] DEBUG io.netty.util.internal.CleanerJava6 - java.nio.ByteBuffer.cleaner(): available
21:48:55.672 [main] DEBUG io.netty.util.internal.PlatformDependent - -Dio.netty.noPreferDirect: false
21:48:55.686 [main] DEBUG io.netty.util.internal.PlatformDependent - org.jctools-core.MpscChunkedArrayQueue: available
21:48:55.725 [main] DEBUG io.netty.util.internal.InternalThreadLocalMap - -Dio.netty.threadLocalMap.stringBuilder.initialSize: 1024
21:48:55.725 [main] DEBUG io.netty.util.internal.InternalThreadLocalMap - -Dio.netty.threadLocalMap.stringBuilder.maxSize: 4096
21:48:55.759 [main] DEBUG io.netty.handler.ssl.JdkSslContext - Default protocols (JDK): [TLSv1.2] 
21:48:55.759 [main] DEBUG io.netty.handler.ssl.JdkSslContext - Default cipher suites (JDK): [TLS_ECDHE_ECDSA_WITH_AES_256_GCM_SHA384, TLS_ECDHE_ECDSA_WITH_AES_128_GCM_SHA256, TLS_ECDHE_RSA_WITH_AES_128_GCM_SHA256, TLS_ECDHE_RSA_WITH_AES_256_GCM_SHA384, TLS_ECDHE_RSA_WITH_AES_128_CBC_SHA, TLS_ECDHE_RSA_WITH_AES_256_CBC_SHA, TLS_RSA_WITH_AES_128_GCM_SHA256, TLS_RSA_WITH_AES_128_CBC_SHA, TLS_RSA_WITH_AES_256_CBC_SHA, TLS_AES_128_GCM_SHA256, TLS_AES_256_GCM_SHA384]
21:48:55.804 [main] DEBUG io.netty.channel.MultithreadEventLoopGroup - -Dio.netty.eventLoopThreads: 16
21:48:55.818 [main] DEBUG io.netty.channel.nio.NioEventLoop - -Dio.netty.noKeySetOptimization: false
21:48:55.818 [main] DEBUG io.netty.channel.nio.NioEventLoop - -Dio.netty.selectorAutoRebuildThreshold: 512
21:48:55.832 [main] TRACE io.netty.channel.nio.NioEventLoop - instrumented a special java.util.Set into: sun.nio.ch.WindowsSelectorImpl@1358b28e
21:48:55.834 [main] TRACE io.netty.channel.nio.NioEventLoop - instrumented a special java.util.Set into: sun.nio.ch.WindowsSelectorImpl@7de4a01f
21:48:55.835 [main] TRACE io.netty.channel.nio.NioEventLoop - instrumented a special java.util.Set into: sun.nio.ch.WindowsSelectorImpl@2bfeb1ef
21:48:55.835 [main] TRACE io.netty.channel.nio.NioEventLoop - instrumented a special java.util.Set into: sun.nio.ch.WindowsSelectorImpl@778ca8ef
21:48:55.836 [main] TRACE io.netty.channel.nio.NioEventLoop - instrumented a special java.util.Set into: sun.nio.ch.WindowsSelectorImpl@208e9ef6
21:48:55.837 [main] TRACE io.netty.channel.nio.NioEventLoop - instrumented a special java.util.Set into: sun.nio.ch.WindowsSelectorImpl@78b236a0
21:48:55.838 [main] TRACE io.netty.channel.nio.NioEventLoop - instrumented a special java.util.Set into: sun.nio.ch.WindowsSelectorImpl@261d8190
21:48:55.839 [main] TRACE io.netty.channel.nio.NioEventLoop - instrumented a special java.util.Set into: sun.nio.ch.WindowsSelectorImpl@34448e6c
21:48:55.840 [main] TRACE io.netty.channel.nio.NioEventLoop - instrumented a special java.util.Set into: sun.nio.ch.WindowsSelectorImpl@60e9df3c
21:48:55.840 [main] TRACE io.netty.channel.nio.NioEventLoop - instrumented a special java.util.Set into: sun.nio.ch.WindowsSelectorImpl@907f2b7
21:48:55.841 [main] TRACE io.netty.channel.nio.NioEventLoop - instrumented a special java.util.Set into: sun.nio.ch.WindowsSelectorImpl@435ce306
21:48:55.842 [main] TRACE io.netty.channel.nio.NioEventLoop - instrumented a special java.util.Set into: sun.nio.ch.WindowsSelectorImpl@537b32ef
21:48:55.843 [main] TRACE io.netty.channel.nio.NioEventLoop - instrumented a special java.util.Set into: sun.nio.ch.WindowsSelectorImpl@7dc51783
21:48:55.844 [main] TRACE io.netty.channel.nio.NioEventLoop - instrumented a special java.util.Set into: sun.nio.ch.WindowsSelectorImpl@4b61d0c6
21:48:55.845 [main] TRACE io.netty.channel.nio.NioEventLoop - instrumented a special java.util.Set into: sun.nio.ch.WindowsSelectorImpl@6f815e7f
21:48:55.845 [main] TRACE io.netty.channel.nio.NioEventLoop - instrumented a special java.util.Set into: sun.nio.ch.WindowsSelectorImpl@65e7f52a
21:48:55.877 [main] DEBUG io.netty.buffer.PooledByteBufAllocator - -Dio.netty.allocator.numHeapArenas: 16
21:48:55.877 [main] DEBUG io.netty.buffer.PooledByteBufAllocator - -Dio.netty.allocator.numDirectArenas: 16
21:48:55.877 [main] DEBUG io.netty.buffer.PooledByteBufAllocator - -Dio.netty.allocator.pageSize: 8192
21:48:55.877 [main] DEBUG io.netty.buffer.PooledByteBufAllocator - -Dio.netty.allocator.maxOrder: 11
21:48:55.877 [main] DEBUG io.netty.buffer.PooledByteBufAllocator - -Dio.netty.allocator.chunkSize: 16777216
21:48:55.877 [main] DEBUG io.netty.buffer.PooledByteBufAllocator - -Dio.netty.allocator.smallCacheSize: 256
21:48:55.877 [main] DEBUG io.netty.buffer.PooledByteBufAllocator - -Dio.netty.allocator.normalCacheSize: 64
21:48:55.877 [main] DEBUG io.netty.buffer.PooledByteBufAllocator - -Dio.netty.allocator.maxCachedBufferCapacity: 32768
21:48:55.877 [main] DEBUG io.netty.buffer.PooledByteBufAllocator - -Dio.netty.allocator.cacheTrimInterval: 8192
21:48:55.877 [main] DEBUG io.netty.buffer.PooledByteBufAllocator - -Dio.netty.allocator.cacheTrimIntervalMillis: 0
21:48:55.877 [main] DEBUG io.netty.buffer.PooledByteBufAllocator - -Dio.netty.allocator.useCacheForAllThreads: true
21:48:55.877 [main] DEBUG io.netty.buffer.PooledByteBufAllocator - -Dio.netty.allocator.maxCachedByteBuffersPerChunk: 1023
21:48:55.893 [main] DEBUG io.netty.buffer.ByteBufUtil - -Dio.netty.allocator.type: pooled
21:48:55.893 [main] DEBUG io.netty.buffer.ByteBufUtil - -Dio.netty.threadLocalDirectBufferSize: 0
21:48:55.893 [main] DEBUG io.netty.buffer.ByteBufUtil - -Dio.netty.maxThreadLocalCharBufferSize: 16384
22:02:06.353 [main] DEBUG io.netty.util.internal.logging.InternalLoggerFactory - Using Log4J2 as the default logging framework
22:02:06.360 [main] DEBUG io.netty.util.ResourceLeakDetector - -Dio.netty.leakDetection.level: simple
22:02:06.360 [main] DEBUG io.netty.util.ResourceLeakDetector - -Dio.netty.leakDetection.targetRecords: 4
22:02:06.363 [main] DEBUG io.netty.util.ResourceLeakDetectorFactory - Loaded default ResourceLeakDetector: io.netty.util.ResourceLeakDetector@c00fff0
22:02:06.379 [main] DEBUG io.netty.util.internal.PlatformDependent0 - -Dio.netty.noUnsafe: false
22:02:06.379 [main] DEBUG io.netty.util.internal.PlatformDependent0 - Java version: 8
22:02:06.380 [main] DEBUG io.netty.util.internal.PlatformDependent0 - sun.misc.Unsafe.theUnsafe: available
22:02:06.381 [main] DEBUG io.netty.util.internal.PlatformDependent0 - sun.misc.Unsafe.copyMemory: available
22:02:06.381 [main] DEBUG io.netty.util.internal.PlatformDependent0 - java.nio.Buffer.address: available
22:02:06.382 [main] DEBUG io.netty.util.internal.PlatformDependent0 - direct buffer constructor: available
22:02:06.383 [main] DEBUG io.netty.util.internal.PlatformDependent0 - java.nio.Bits.unaligned: available, true
22:02:06.383 [main] DEBUG io.netty.util.internal.PlatformDependent0 - jdk.internal.misc.Unsafe.allocateUninitializedArray(int): unavailable prior to Java9
22:02:06.383 [main] DEBUG io.netty.util.internal.PlatformDependent0 - java.nio.DirectByteBuffer.<init>(long, int): available
22:02:06.383 [main] DEBUG io.netty.util.internal.PlatformDependent - sun.misc.Unsafe: available
22:02:06.383 [main] DEBUG io.netty.util.internal.PlatformDependent - -Dio.netty.tmpdir: C:\Users\91918\AppData\Local\Temp (java.io.tmpdir)
22:02:06.383 [main] DEBUG io.netty.util.internal.PlatformDependent - -Dio.netty.bitMode: 64 (sun.arch.data.model)
22:02:06.384 [main] DEBUG io.netty.util.internal.PlatformDependent - Platform: Windows
22:02:06.385 [main] DEBUG io.netty.util.internal.PlatformDependent - -Dio.netty.maxDirectMemory: 1860698112 bytes
22:02:06.385 [main] DEBUG io.netty.util.internal.PlatformDependent - -Dio.netty.uninitializedArrayAllocationThreshold: -1
22:02:06.386 [main] DEBUG io.netty.util.internal.CleanerJava6 - java.nio.ByteBuffer.cleaner(): available
22:02:06.386 [main] DEBUG io.netty.util.internal.PlatformDependent - -Dio.netty.noPreferDirect: false
22:02:06.392 [main] DEBUG io.netty.util.internal.PlatformDependent - org.jctools-core.MpscChunkedArrayQueue: available
22:02:06.408 [main] DEBUG io.netty.util.internal.InternalThreadLocalMap - -Dio.netty.threadLocalMap.stringBuilder.initialSize: 1024
22:02:06.408 [main] DEBUG io.netty.util.internal.InternalThreadLocalMap - -Dio.netty.threadLocalMap.stringBuilder.maxSize: 4096
22:02:06.427 [main] DEBUG io.netty.handler.ssl.JdkSslContext - Default protocols (JDK): [TLSv1.2] 
22:02:06.428 [main] DEBUG io.netty.handler.ssl.JdkSslContext - Default cipher suites (JDK): [TLS_ECDHE_ECDSA_WITH_AES_256_GCM_SHA384, TLS_ECDHE_ECDSA_WITH_AES_128_GCM_SHA256, TLS_ECDHE_RSA_WITH_AES_128_GCM_SHA256, TLS_ECDHE_RSA_WITH_AES_256_GCM_SHA384, TLS_ECDHE_RSA_WITH_AES_128_CBC_SHA, TLS_ECDHE_RSA_WITH_AES_256_CBC_SHA, TLS_RSA_WITH_AES_128_GCM_SHA256, TLS_RSA_WITH_AES_128_CBC_SHA, TLS_RSA_WITH_AES_256_CBC_SHA, TLS_AES_128_GCM_SHA256, TLS_AES_256_GCM_SHA384]
22:02:06.451 [main] DEBUG io.netty.channel.MultithreadEventLoopGroup - -Dio.netty.eventLoopThreads: 16
22:02:06.459 [main] DEBUG io.netty.channel.nio.NioEventLoop - -Dio.netty.noKeySetOptimization: false
22:02:06.459 [main] DEBUG io.netty.channel.nio.NioEventLoop - -Dio.netty.selectorAutoRebuildThreshold: 512
22:02:06.467 [main] TRACE io.netty.channel.nio.NioEventLoop - instrumented a special java.util.Set into: sun.nio.ch.WindowsSelectorImpl@5bf61e67
22:02:06.468 [main] TRACE io.netty.channel.nio.NioEventLoop - instrumented a special java.util.Set into: sun.nio.ch.WindowsSelectorImpl@4e7095ac
22:02:06.468 [main] TRACE io.netty.channel.nio.NioEventLoop - instrumented a special java.util.Set into: sun.nio.ch.WindowsSelectorImpl@251ebf23
22:02:06.469 [main] TRACE io.netty.channel.nio.NioEventLoop - instrumented a special java.util.Set into: sun.nio.ch.WindowsSelectorImpl@29b732a2
22:02:06.470 [main] TRACE io.netty.channel.nio.NioEventLoop - instrumented a special java.util.Set into: sun.nio.ch.WindowsSelectorImpl@1b70203f
22:02:06.470 [main] TRACE io.netty.channel.nio.NioEventLoop - instrumented a special java.util.Set into: sun.nio.ch.WindowsSelectorImpl@51671b08
22:02:06.471 [main] TRACE io.netty.channel.nio.NioEventLoop - instrumented a special java.util.Set into: sun.nio.ch.WindowsSelectorImpl@15051a0
22:02:06.472 [main] TRACE io.netty.channel.nio.NioEventLoop - instrumented a special java.util.Set into: sun.nio.ch.WindowsSelectorImpl@1162410a
22:02:06.472 [main] TRACE io.netty.channel.nio.NioEventLoop - instrumented a special java.util.Set into: sun.nio.ch.WindowsSelectorImpl@b09fac1
22:02:06.473 [main] TRACE io.netty.channel.nio.NioEventLoop - instrumented a special java.util.Set into: sun.nio.ch.WindowsSelectorImpl@62df0ff3
22:02:06.473 [main] TRACE io.netty.channel.nio.NioEventLoop - instrumented a special java.util.Set into: sun.nio.ch.WindowsSelectorImpl@61019f59
22:02:06.474 [main] TRACE io.netty.channel.nio.NioEventLoop - instrumented a special java.util.Set into: sun.nio.ch.WindowsSelectorImpl@62e8f862
22:02:06.474 [main] TRACE io.netty.channel.nio.NioEventLoop - instrumented a special java.util.Set into: sun.nio.ch.WindowsSelectorImpl@26f3d90c
22:02:06.475 [main] TRACE io.netty.channel.nio.NioEventLoop - instrumented a special java.util.Set into: sun.nio.ch.WindowsSelectorImpl@3c49fab6
22:02:06.475 [main] TRACE io.netty.channel.nio.NioEventLoop - instrumented a special java.util.Set into: sun.nio.ch.WindowsSelectorImpl@515f4131
22:02:06.476 [main] TRACE io.netty.channel.nio.NioEventLoop - instrumented a special java.util.Set into: sun.nio.ch.WindowsSelectorImpl@74518890
22:02:06.493 [main] DEBUG io.netty.buffer.PooledByteBufAllocator - -Dio.netty.allocator.numHeapArenas: 16
22:02:06.493 [main] DEBUG io.netty.buffer.PooledByteBufAllocator - -Dio.netty.allocator.numDirectArenas: 16
22:02:06.493 [main] DEBUG io.netty.buffer.PooledByteBufAllocator - -Dio.netty.allocator.pageSize: 8192
22:02:06.493 [main] DEBUG io.netty.buffer.PooledByteBufAllocator - -Dio.netty.allocator.maxOrder: 11
22:02:06.493 [main] DEBUG io.netty.buffer.PooledByteBufAllocator - -Dio.netty.allocator.chunkSize: 16777216
22:02:06.493 [main] DEBUG io.netty.buffer.PooledByteBufAllocator - -Dio.netty.allocator.smallCacheSize: 256
22:02:06.493 [main] DEBUG io.netty.buffer.PooledByteBufAllocator - -Dio.netty.allocator.normalCacheSize: 64
22:02:06.493 [main] DEBUG io.netty.buffer.PooledByteBufAllocator - -Dio.netty.allocator.maxCachedBufferCapacity: 32768
22:02:06.493 [main] DEBUG io.netty.buffer.PooledByteBufAllocator - -Dio.netty.allocator.cacheTrimInterval: 8192
22:02:06.493 [main] DEBUG io.netty.buffer.PooledByteBufAllocator - -Dio.netty.allocator.cacheTrimIntervalMillis: 0
22:02:06.493 [main] DEBUG io.netty.buffer.PooledByteBufAllocator - -Dio.netty.allocator.useCacheForAllThreads: true
22:02:06.493 [main] DEBUG io.netty.buffer.PooledByteBufAllocator - -Dio.netty.allocator.maxCachedByteBuffersPerChunk: 1023
22:02:06.502 [main] DEBUG io.netty.buffer.ByteBufUtil - -Dio.netty.allocator.type: pooled
22:02:06.502 [main] DEBUG io.netty.buffer.ByteBufUtil - -Dio.netty.threadLocalDirectBufferSize: 0
22:02:06.502 [main] DEBUG io.netty.buffer.ByteBufUtil - -Dio.netty.maxThreadLocalCharBufferSize: 16384
22:02:07.318 [Forwarding newSession on session null to remote] DEBUG io.netty.channel.DefaultChannelId - -Dio.netty.processId: 22956 (auto-detected)
22:02:07.320 [Forwarding newSession on session null to remote] DEBUG io.netty.util.NetUtil - -Djava.net.preferIPv4Stack: false
22:02:07.320 [Forwarding newSession on session null to remote] DEBUG io.netty.util.NetUtil - -Djava.net.preferIPv6Addresses: false
22:02:07.435 [Forwarding newSession on session null to remote] DEBUG io.netty.util.NetUtilInitializations - Loopback interface: lo (Software Loopback Interface 1, 127.0.0.1)
22:02:07.436 [Forwarding newSession on session null to remote] DEBUG io.netty.util.NetUtil - Failed to get SOMAXCONN from sysctl and file \proc\sys\net\core\somaxconn. Default: 200
22:02:07.556 [Forwarding newSession on session null to remote] DEBUG io.netty.channel.DefaultChannelId - -Dio.netty.machineId: c8:b2:9b:ff:fe:47:aa:1d (auto-detected)
22:02:07.617 [AsyncHttpClient-1-2] DEBUG io.netty.buffer.AbstractByteBuf - -Dio.netty.buffer.checkAccessible: true
22:02:07.617 [AsyncHttpClient-1-2] DEBUG io.netty.buffer.AbstractByteBuf - -Dio.netty.buffer.checkBounds: true
22:02:07.617 [AsyncHttpClient-1-2] DEBUG io.netty.util.ResourceLeakDetectorFactory - Loaded default ResourceLeakDetector: io.netty.util.ResourceLeakDetector@1a74038d
22:02:07.642 [AsyncHttpClient-1-2] DEBUG io.netty.util.Recycler - -Dio.netty.recycler.maxCapacityPerThread: 4096
22:02:07.643 [AsyncHttpClient-1-2] DEBUG io.netty.util.Recycler - -Dio.netty.recycler.maxSharedCapacityFactor: 2
22:02:07.643 [AsyncHttpClient-1-2] DEBUG io.netty.util.Recycler - -Dio.netty.recycler.linkCapacity: 16
22:02:07.643 [AsyncHttpClient-1-2] DEBUG io.netty.util.Recycler - -Dio.netty.recycler.ratio: 8
22:02:07.643 [AsyncHttpClient-1-2] DEBUG io.netty.util.Recycler - -Dio.netty.recycler.delayedQueue.ratio: 8
22:02:08.557 [AsyncHttpClient-1-2] DEBUG io.netty.handler.codec.compression.Brotli - brotli4j not in the classpath; Brotli support will be unavailable.
22:02:08.754 [main] DEBUG io.netty.util.internal.ThreadLocalRandom - -Dio.netty.initialSeedUniquifier: 0x37d2c7eb2599b1d5
22:02:08.810 [main] INFO  testcases.TC_003_LoginDDTtestcase - Chrome browser Launched
22:02:09.914 [main] INFO  testcases.TC_003_LoginDDTtestcase - Log in DDT Test Started
22:02:13.435 [main] INFO  testcases.TC_003_LoginDDTtestcase - Home page Opened
22:02:13.646 [main] INFO  testcases.TC_003_LoginDDTtestcase - click the MyAccount option
22:02:14.891 [main] INFO  testcases.TC_003_LoginDDTtestcase - click the Login option
22:02:14.959 [main] INFO  testcases.TC_003_LoginDDTtestcase - TAke the email from xl sheet
22:02:15.022 [main] INFO  testcases.TC_003_LoginDDTtestcase - Take the pw from xl sheet
22:02:18.082 [main] INFO  testcases.TC_003_LoginDDTtestcase - Click the login button
22:02:18.125 [main] INFO  testcases.TC_003_LoginDDTtestcase - Login Success
22:02:20.305 [main] INFO  testcases.TC_003_LoginDDTtestcase - Logout from page
22:02:20.307 [main] INFO  testcases.TC_003_LoginDDTtestcase - TC_003_LoginDDTtest finished
22:02:20.323 [main] INFO  testcases.TC_003_LoginDDTtestcase - Log in DDT Test Started
22:02:21.531 [main] INFO  testcases.TC_003_LoginDDTtestcase - Home page Opened
22:02:21.580 [main] INFO  testcases.TC_003_LoginDDTtestcase - click the MyAccount option
22:02:22.807 [main] INFO  testcases.TC_003_LoginDDTtestcase - click the Login option
22:02:22.880 [main] INFO  testcases.TC_003_LoginDDTtestcase - TAke the email from xl sheet
22:02:22.928 [main] INFO  testcases.TC_003_LoginDDTtestcase - Take the pw from xl sheet
22:02:24.300 [main] INFO  testcases.TC_003_LoginDDTtestcase - Click the login button
22:02:34.380 [main] INFO  testcases.TC_003_LoginDDTtestcase - TC_003_LoginDDTtest finished
22:02:34.381 [main] INFO  testcases.TC_003_LoginDDTtestcase - Log in DDT Test Started
22:02:35.665 [main] INFO  testcases.TC_003_LoginDDTtestcase - Home page Opened
22:02:35.729 [main] INFO  testcases.TC_003_LoginDDTtestcase - click the MyAccount option
22:02:36.951 [main] INFO  testcases.TC_003_LoginDDTtestcase - click the Login option
22:02:37.014 [main] INFO  testcases.TC_003_LoginDDTtestcase - TAke the email from xl sheet
22:02:37.063 [main] INFO  testcases.TC_003_LoginDDTtestcase - Take the pw from xl sheet
22:02:38.432 [main] INFO  testcases.TC_003_LoginDDTtestcase - Click the login button
22:02:48.443 [main] INFO  testcases.TC_003_LoginDDTtestcase - TC_003_LoginDDTtest finished
22:02:48.444 [main] INFO  testcases.TC_003_LoginDDTtestcase - Log in DDT Test Started
22:02:49.682 [main] INFO  testcases.TC_003_LoginDDTtestcase - Home page Opened
22:02:49.746 [main] INFO  testcases.TC_003_LoginDDTtestcase - click the MyAccount option
22:02:50.987 [main] INFO  testcases.TC_003_LoginDDTtestcase - click the Login option
22:02:51.051 [main] INFO  testcases.TC_003_LoginDDTtestcase - TAke the email from xl sheet
22:02:51.097 [main] INFO  testcases.TC_003_LoginDDTtestcase - Take the pw from xl sheet
22:02:52.478 [main] INFO  testcases.TC_003_LoginDDTtestcase - Click the login button
22:03:02.543 [main] INFO  testcases.TC_003_LoginDDTtestcase - TC_003_LoginDDTtest finished
22:03:02.545 [main] INFO  testcases.TC_003_LoginDDTtestcase - Log in DDT Test Started
22:03:03.789 [main] INFO  testcases.TC_003_LoginDDTtestcase - Home page Opened
22:03:03.830 [main] INFO  testcases.TC_003_LoginDDTtestcase - click the MyAccount option
22:03:05.039 [main] INFO  testcases.TC_003_LoginDDTtestcase - click the Login option
22:03:05.215 [main] INFO  testcases.TC_003_LoginDDTtestcase - Login failed
22:03:05.215 [main] INFO  testcases.TC_003_LoginDDTtestcase - TC_003_LoginDDTtest finished
22:35:03.558 [main] DEBUG io.netty.util.internal.logging.InternalLoggerFactory - Using Log4J2 as the default logging framework
22:35:03.569 [main] DEBUG io.netty.util.ResourceLeakDetector - -Dio.netty.leakDetection.level: simple
22:35:03.569 [main] DEBUG io.netty.util.ResourceLeakDetector - -Dio.netty.leakDetection.targetRecords: 4
22:35:03.575 [main] DEBUG io.netty.util.ResourceLeakDetectorFactory - Loaded default ResourceLeakDetector: io.netty.util.ResourceLeakDetector@51b01960
22:35:03.600 [main] DEBUG io.netty.util.internal.PlatformDependent0 - -Dio.netty.noUnsafe: false
22:35:03.601 [main] DEBUG io.netty.util.internal.PlatformDependent0 - Java version: 8
22:35:03.603 [main] DEBUG io.netty.util.internal.PlatformDependent0 - sun.misc.Unsafe.theUnsafe: available
22:35:03.604 [main] DEBUG io.netty.util.internal.PlatformDependent0 - sun.misc.Unsafe.copyMemory: available
22:35:03.605 [main] DEBUG io.netty.util.internal.PlatformDependent0 - java.nio.Buffer.address: available
22:35:03.606 [main] DEBUG io.netty.util.internal.PlatformDependent0 - direct buffer constructor: available
22:35:03.607 [main] DEBUG io.netty.util.internal.PlatformDependent0 - java.nio.Bits.unaligned: available, true
22:35:03.607 [main] DEBUG io.netty.util.internal.PlatformDependent0 - jdk.internal.misc.Unsafe.allocateUninitializedArray(int): unavailable prior to Java9
22:35:03.607 [main] DEBUG io.netty.util.internal.PlatformDependent0 - java.nio.DirectByteBuffer.<init>(long, int): available
22:35:03.607 [main] DEBUG io.netty.util.internal.PlatformDependent - sun.misc.Unsafe: available
22:35:03.608 [main] DEBUG io.netty.util.internal.PlatformDependent - -Dio.netty.tmpdir: C:\Users\91918\AppData\Local\Temp (java.io.tmpdir)
22:35:03.608 [main] DEBUG io.netty.util.internal.PlatformDependent - -Dio.netty.bitMode: 64 (sun.arch.data.model)
22:35:03.608 [main] DEBUG io.netty.util.internal.PlatformDependent - Platform: Windows
22:35:03.610 [main] DEBUG io.netty.util.internal.PlatformDependent - -Dio.netty.maxDirectMemory: 1860698112 bytes
22:35:03.610 [main] DEBUG io.netty.util.internal.PlatformDependent - -Dio.netty.uninitializedArrayAllocationThreshold: -1
22:35:03.612 [main] DEBUG io.netty.util.internal.CleanerJava6 - java.nio.ByteBuffer.cleaner(): available
22:35:03.612 [main] DEBUG io.netty.util.internal.PlatformDependent - -Dio.netty.noPreferDirect: false
22:35:03.625 [main] DEBUG io.netty.util.internal.PlatformDependent - org.jctools-core.MpscChunkedArrayQueue: available
22:35:03.653 [main] DEBUG io.netty.util.internal.InternalThreadLocalMap - -Dio.netty.threadLocalMap.stringBuilder.initialSize: 1024
22:35:03.654 [main] DEBUG io.netty.util.internal.InternalThreadLocalMap - -Dio.netty.threadLocalMap.stringBuilder.maxSize: 4096
22:35:03.672 [main] DEBUG io.netty.handler.ssl.JdkSslContext - Default protocols (JDK): [TLSv1.2] 
22:35:03.672 [main] DEBUG io.netty.handler.ssl.JdkSslContext - Default cipher suites (JDK): [TLS_ECDHE_ECDSA_WITH_AES_256_GCM_SHA384, TLS_ECDHE_ECDSA_WITH_AES_128_GCM_SHA256, TLS_ECDHE_RSA_WITH_AES_128_GCM_SHA256, TLS_ECDHE_RSA_WITH_AES_256_GCM_SHA384, TLS_ECDHE_RSA_WITH_AES_128_CBC_SHA, TLS_ECDHE_RSA_WITH_AES_256_CBC_SHA, TLS_RSA_WITH_AES_128_GCM_SHA256, TLS_RSA_WITH_AES_128_CBC_SHA, TLS_RSA_WITH_AES_256_CBC_SHA, TLS_AES_128_GCM_SHA256, TLS_AES_256_GCM_SHA384]
22:35:03.718 [main] DEBUG io.netty.channel.MultithreadEventLoopGroup - -Dio.netty.eventLoopThreads: 16
22:35:03.731 [main] DEBUG io.netty.channel.nio.NioEventLoop - -Dio.netty.noKeySetOptimization: false
22:35:03.731 [main] DEBUG io.netty.channel.nio.NioEventLoop - -Dio.netty.selectorAutoRebuildThreshold: 512
22:35:03.741 [main] TRACE io.netty.channel.nio.NioEventLoop - instrumented a special java.util.Set into: sun.nio.ch.WindowsSelectorImpl@edf4f36
22:35:03.745 [main] TRACE io.netty.channel.nio.NioEventLoop - instrumented a special java.util.Set into: sun.nio.ch.WindowsSelectorImpl@13e9f2e2
22:35:03.746 [main] TRACE io.netty.channel.nio.NioEventLoop - instrumented a special java.util.Set into: sun.nio.ch.WindowsSelectorImpl@673bb956
22:35:03.747 [main] TRACE io.netty.channel.nio.NioEventLoop - instrumented a special java.util.Set into: sun.nio.ch.WindowsSelectorImpl@cd7f1ae
22:35:03.748 [main] TRACE io.netty.channel.nio.NioEventLoop - instrumented a special java.util.Set into: sun.nio.ch.WindowsSelectorImpl@60e949e1
22:35:03.749 [main] TRACE io.netty.channel.nio.NioEventLoop - instrumented a special java.util.Set into: sun.nio.ch.WindowsSelectorImpl@3c4bc9fc
22:35:03.750 [main] TRACE io.netty.channel.nio.NioEventLoop - instrumented a special java.util.Set into: sun.nio.ch.WindowsSelectorImpl@680362a
22:35:03.750 [main] TRACE io.netty.channel.nio.NioEventLoop - instrumented a special java.util.Set into: sun.nio.ch.WindowsSelectorImpl@3569edd5
22:35:03.752 [main] TRACE io.netty.channel.nio.NioEventLoop - instrumented a special java.util.Set into: sun.nio.ch.WindowsSelectorImpl@1f651cd8
22:35:03.753 [main] TRACE io.netty.channel.nio.NioEventLoop - instrumented a special java.util.Set into: sun.nio.ch.WindowsSelectorImpl@7d0332e1
22:35:03.755 [main] TRACE io.netty.channel.nio.NioEventLoop - instrumented a special java.util.Set into: sun.nio.ch.WindowsSelectorImpl@7a356a0d
22:35:03.756 [main] TRACE io.netty.channel.nio.NioEventLoop - instrumented a special java.util.Set into: sun.nio.ch.WindowsSelectorImpl@c827db
22:35:03.757 [main] TRACE io.netty.channel.nio.NioEventLoop - instrumented a special java.util.Set into: sun.nio.ch.WindowsSelectorImpl@377c68c6
22:35:03.758 [main] TRACE io.netty.channel.nio.NioEventLoop - instrumented a special java.util.Set into: sun.nio.ch.WindowsSelectorImpl@538cd0f2
22:35:03.760 [main] TRACE io.netty.channel.nio.NioEventLoop - instrumented a special java.util.Set into: sun.nio.ch.WindowsSelectorImpl@238ad8c
22:35:03.761 [main] TRACE io.netty.channel.nio.NioEventLoop - instrumented a special java.util.Set into: sun.nio.ch.WindowsSelectorImpl@430fa4ef
22:35:03.790 [main] DEBUG io.netty.buffer.PooledByteBufAllocator - -Dio.netty.allocator.numHeapArenas: 16
22:35:03.790 [main] DEBUG io.netty.buffer.PooledByteBufAllocator - -Dio.netty.allocator.numDirectArenas: 16
22:35:03.790 [main] DEBUG io.netty.buffer.PooledByteBufAllocator - -Dio.netty.allocator.pageSize: 8192
22:35:03.790 [main] DEBUG io.netty.buffer.PooledByteBufAllocator - -Dio.netty.allocator.maxOrder: 11
22:35:03.790 [main] DEBUG io.netty.buffer.PooledByteBufAllocator - -Dio.netty.allocator.chunkSize: 16777216
22:35:03.790 [main] DEBUG io.netty.buffer.PooledByteBufAllocator - -Dio.netty.allocator.smallCacheSize: 256
22:35:03.790 [main] DEBUG io.netty.buffer.PooledByteBufAllocator - -Dio.netty.allocator.normalCacheSize: 64
22:35:03.790 [main] DEBUG io.netty.buffer.PooledByteBufAllocator - -Dio.netty.allocator.maxCachedBufferCapacity: 32768
22:35:03.790 [main] DEBUG io.netty.buffer.PooledByteBufAllocator - -Dio.netty.allocator.cacheTrimInterval: 8192
22:35:03.790 [main] DEBUG io.netty.buffer.PooledByteBufAllocator - -Dio.netty.allocator.cacheTrimIntervalMillis: 0
22:35:03.790 [main] DEBUG io.netty.buffer.PooledByteBufAllocator - -Dio.netty.allocator.useCacheForAllThreads: true
22:35:03.791 [main] DEBUG io.netty.buffer.PooledByteBufAllocator - -Dio.netty.allocator.maxCachedByteBuffersPerChunk: 1023
22:35:03.804 [main] DEBUG io.netty.buffer.ByteBufUtil - -Dio.netty.allocator.type: pooled
22:35:03.804 [main] DEBUG io.netty.buffer.ByteBufUtil - -Dio.netty.threadLocalDirectBufferSize: 0
22:35:03.804 [main] DEBUG io.netty.buffer.ByteBufUtil - -Dio.netty.maxThreadLocalCharBufferSize: 16384
22:35:04.644 [Forwarding newSession on session null to remote] DEBUG io.netty.channel.DefaultChannelId - -Dio.netty.processId: 10888 (auto-detected)
22:35:04.647 [Forwarding newSession on session null to remote] DEBUG io.netty.util.NetUtil - -Djava.net.preferIPv4Stack: false
22:35:04.647 [Forwarding newSession on session null to remote] DEBUG io.netty.util.NetUtil - -Djava.net.preferIPv6Addresses: false
22:35:04.774 [Forwarding newSession on session null to remote] DEBUG io.netty.util.NetUtilInitializations - Loopback interface: lo (Software Loopback Interface 1, 127.0.0.1)
22:35:04.776 [Forwarding newSession on session null to remote] DEBUG io.netty.util.NetUtil - Failed to get SOMAXCONN from sysctl and file \proc\sys\net\core\somaxconn. Default: 200
22:35:04.908 [Forwarding newSession on session null to remote] DEBUG io.netty.channel.DefaultChannelId - -Dio.netty.machineId: c8:b2:9b:ff:fe:47:aa:1d (auto-detected)
22:35:04.972 [AsyncHttpClient-1-2] DEBUG io.netty.buffer.AbstractByteBuf - -Dio.netty.buffer.checkAccessible: true
22:35:04.973 [AsyncHttpClient-1-2] DEBUG io.netty.buffer.AbstractByteBuf - -Dio.netty.buffer.checkBounds: true
22:35:04.973 [AsyncHttpClient-1-2] DEBUG io.netty.util.ResourceLeakDetectorFactory - Loaded default ResourceLeakDetector: io.netty.util.ResourceLeakDetector@4f2eaca6
22:35:05.001 [AsyncHttpClient-1-2] DEBUG io.netty.util.Recycler - -Dio.netty.recycler.maxCapacityPerThread: 4096
22:35:05.001 [AsyncHttpClient-1-2] DEBUG io.netty.util.Recycler - -Dio.netty.recycler.maxSharedCapacityFactor: 2
22:35:05.001 [AsyncHttpClient-1-2] DEBUG io.netty.util.Recycler - -Dio.netty.recycler.linkCapacity: 16
22:35:05.001 [AsyncHttpClient-1-2] DEBUG io.netty.util.Recycler - -Dio.netty.recycler.ratio: 8
22:35:05.001 [AsyncHttpClient-1-2] DEBUG io.netty.util.Recycler - -Dio.netty.recycler.delayedQueue.ratio: 8
22:35:05.818 [AsyncHttpClient-1-2] DEBUG io.netty.handler.codec.compression.Brotli - brotli4j not in the classpath; Brotli support will be unavailable.
22:35:06.046 [main] DEBUG io.netty.util.internal.ThreadLocalRandom - -Dio.netty.initialSeedUniquifier: 0xcf3e529021d66a08
22:35:06.090 [main] INFO  testcases.TC_003_LoginDDTtestcase - Chrome browser Launched
22:35:06.974 [main] INFO  testcases.TC_003_LoginDDTtestcase - Log in DDT Test Started
22:35:09.404 [main] INFO  testcases.TC_003_LoginDDTtestcase - Home page Opened
22:35:09.617 [main] INFO  testcases.TC_003_LoginDDTtestcase - click the MyAccount option
22:35:10.847 [main] INFO  testcases.TC_003_LoginDDTtestcase - click the Login option
22:35:10.915 [main] INFO  testcases.TC_003_LoginDDTtestcase - TAke the email from xl sheet
22:35:10.973 [main] INFO  testcases.TC_003_LoginDDTtestcase - Take the pw from xl sheet
22:35:13.254 [main] INFO  testcases.TC_003_LoginDDTtestcase - Click the login button
22:35:13.295 [main] INFO  testcases.TC_003_LoginDDTtestcase - Login Success
22:35:15.499 [main] INFO  testcases.TC_003_LoginDDTtestcase - Logout from page
22:35:15.501 [main] INFO  testcases.TC_003_LoginDDTtestcase - TC_003_LoginDDTtest finished
22:35:15.518 [main] INFO  testcases.TC_003_LoginDDTtestcase - Log in DDT Test Started
22:35:16.778 [main] INFO  testcases.TC_003_LoginDDTtestcase - Home page Opened
22:35:16.827 [main] INFO  testcases.TC_003_LoginDDTtestcase - click the MyAccount option
22:35:18.010 [main] INFO  testcases.TC_003_LoginDDTtestcase - click the Login option
22:35:18.077 [main] INFO  testcases.TC_003_LoginDDTtestcase - TAke the email from xl sheet
22:35:18.123 [main] INFO  testcases.TC_003_LoginDDTtestcase - Take the pw from xl sheet
22:35:19.498 [main] INFO  testcases.TC_003_LoginDDTtestcase - Click the login button
22:35:29.544 [main] INFO  testcases.TC_003_LoginDDTtestcase - TC_003_LoginDDTtest finished
22:35:29.545 [main] INFO  testcases.TC_003_LoginDDTtestcase - Log in DDT Test Started
22:35:30.781 [main] INFO  testcases.TC_003_LoginDDTtestcase - Home page Opened
22:35:30.845 [main] INFO  testcases.TC_003_LoginDDTtestcase - click the MyAccount option
22:35:32.042 [main] INFO  testcases.TC_003_LoginDDTtestcase - click the Login option
22:35:32.117 [main] INFO  testcases.TC_003_LoginDDTtestcase - TAke the email from xl sheet
22:35:32.180 [main] INFO  testcases.TC_003_LoginDDTtestcase - Take the pw from xl sheet
22:35:33.608 [main] INFO  testcases.TC_003_LoginDDTtestcase - Click the login button
22:35:43.672 [main] INFO  testcases.TC_003_LoginDDTtestcase - TC_003_LoginDDTtest finished
22:35:43.673 [main] INFO  testcases.TC_003_LoginDDTtestcase - Log in DDT Test Started
22:35:44.961 [main] INFO  testcases.TC_003_LoginDDTtestcase - Home page Opened
22:35:45.018 [main] INFO  testcases.TC_003_LoginDDTtestcase - click the MyAccount option
22:35:46.231 [main] INFO  testcases.TC_003_LoginDDTtestcase - click the Login option
22:35:46.291 [main] INFO  testcases.TC_003_LoginDDTtestcase - TAke the email from xl sheet
22:35:46.339 [main] INFO  testcases.TC_003_LoginDDTtestcase - Take the pw from xl sheet
22:35:47.742 [main] INFO  testcases.TC_003_LoginDDTtestcase - Click the login button
22:35:57.799 [main] INFO  testcases.TC_003_LoginDDTtestcase - TC_003_LoginDDTtest finished
22:35:57.800 [main] INFO  testcases.TC_003_LoginDDTtestcase - Log in DDT Test Started
22:35:59.038 [main] INFO  testcases.TC_003_LoginDDTtestcase - Home page Opened
22:35:59.094 [main] INFO  testcases.TC_003_LoginDDTtestcase - click the MyAccount option
22:36:00.336 [main] INFO  testcases.TC_003_LoginDDTtestcase - click the Login option
22:36:00.517 [main] INFO  testcases.TC_003_LoginDDTtestcase - Login failed
22:36:00.517 [main] INFO  testcases.TC_003_LoginDDTtestcase - TC_003_LoginDDTtest finished
22:36:46.081 [main] DEBUG io.netty.util.internal.logging.InternalLoggerFactory - Using Log4J2 as the default logging framework
22:36:46.089 [main] DEBUG io.netty.util.ResourceLeakDetector - -Dio.netty.leakDetection.level: simple
22:36:46.089 [main] DEBUG io.netty.util.ResourceLeakDetector - -Dio.netty.leakDetection.targetRecords: 4
22:36:46.092 [main] DEBUG io.netty.util.ResourceLeakDetectorFactory - Loaded default ResourceLeakDetector: io.netty.util.ResourceLeakDetector@6f70f32f
22:36:46.106 [main] DEBUG io.netty.util.internal.PlatformDependent0 - -Dio.netty.noUnsafe: false
22:36:46.106 [main] DEBUG io.netty.util.internal.PlatformDependent0 - Java version: 8
22:36:46.107 [main] DEBUG io.netty.util.internal.PlatformDependent0 - sun.misc.Unsafe.theUnsafe: available
22:36:46.107 [main] DEBUG io.netty.util.internal.PlatformDependent0 - sun.misc.Unsafe.copyMemory: available
22:36:46.107 [main] DEBUG io.netty.util.internal.PlatformDependent0 - java.nio.Buffer.address: available
22:36:46.107 [main] DEBUG io.netty.util.internal.PlatformDependent0 - direct buffer constructor: available
22:36:46.108 [main] DEBUG io.netty.util.internal.PlatformDependent0 - java.nio.Bits.unaligned: available, true
22:36:46.108 [main] DEBUG io.netty.util.internal.PlatformDependent0 - jdk.internal.misc.Unsafe.allocateUninitializedArray(int): unavailable prior to Java9
22:36:46.108 [main] DEBUG io.netty.util.internal.PlatformDependent0 - java.nio.DirectByteBuffer.<init>(long, int): available
22:36:46.108 [main] DEBUG io.netty.util.internal.PlatformDependent - sun.misc.Unsafe: available
22:36:46.109 [main] DEBUG io.netty.util.internal.PlatformDependent - -Dio.netty.tmpdir: C:\Users\91918\AppData\Local\Temp (java.io.tmpdir)
22:36:46.109 [main] DEBUG io.netty.util.internal.PlatformDependent - -Dio.netty.bitMode: 64 (sun.arch.data.model)
22:36:46.109 [main] DEBUG io.netty.util.internal.PlatformDependent - Platform: Windows
22:36:46.110 [main] DEBUG io.netty.util.internal.PlatformDependent - -Dio.netty.maxDirectMemory: 1860698112 bytes
22:36:46.110 [main] DEBUG io.netty.util.internal.PlatformDependent - -Dio.netty.uninitializedArrayAllocationThreshold: -1
22:36:46.110 [main] DEBUG io.netty.util.internal.CleanerJava6 - java.nio.ByteBuffer.cleaner(): available
22:36:46.110 [main] DEBUG io.netty.util.internal.PlatformDependent - -Dio.netty.noPreferDirect: false
22:36:46.117 [main] DEBUG io.netty.util.internal.PlatformDependent - org.jctools-core.MpscChunkedArrayQueue: available
22:36:46.134 [main] DEBUG io.netty.util.internal.InternalThreadLocalMap - -Dio.netty.threadLocalMap.stringBuilder.initialSize: 1024
22:36:46.134 [main] DEBUG io.netty.util.internal.InternalThreadLocalMap - -Dio.netty.threadLocalMap.stringBuilder.maxSize: 4096
22:36:46.151 [main] DEBUG io.netty.handler.ssl.JdkSslContext - Default protocols (JDK): [TLSv1.2] 
22:36:46.151 [main] DEBUG io.netty.handler.ssl.JdkSslContext - Default cipher suites (JDK): [TLS_ECDHE_ECDSA_WITH_AES_256_GCM_SHA384, TLS_ECDHE_ECDSA_WITH_AES_128_GCM_SHA256, TLS_ECDHE_RSA_WITH_AES_128_GCM_SHA256, TLS_ECDHE_RSA_WITH_AES_256_GCM_SHA384, TLS_ECDHE_RSA_WITH_AES_128_CBC_SHA, TLS_ECDHE_RSA_WITH_AES_256_CBC_SHA, TLS_RSA_WITH_AES_128_GCM_SHA256, TLS_RSA_WITH_AES_128_CBC_SHA, TLS_RSA_WITH_AES_256_CBC_SHA, TLS_AES_128_GCM_SHA256, TLS_AES_256_GCM_SHA384]
22:36:46.173 [main] DEBUG io.netty.channel.MultithreadEventLoopGroup - -Dio.netty.eventLoopThreads: 16
22:36:46.180 [main] DEBUG io.netty.channel.nio.NioEventLoop - -Dio.netty.noKeySetOptimization: false
22:36:46.180 [main] DEBUG io.netty.channel.nio.NioEventLoop - -Dio.netty.selectorAutoRebuildThreshold: 512
22:36:46.195 [main] TRACE io.netty.channel.nio.NioEventLoop - instrumented a special java.util.Set into: sun.nio.ch.WindowsSelectorImpl@11ee02f8
22:36:46.196 [main] TRACE io.netty.channel.nio.NioEventLoop - instrumented a special java.util.Set into: sun.nio.ch.WindowsSelectorImpl@3a71c100
22:36:46.197 [main] TRACE io.netty.channel.nio.NioEventLoop - instrumented a special java.util.Set into: sun.nio.ch.WindowsSelectorImpl@5b69fd74
22:36:46.198 [main] TRACE io.netty.channel.nio.NioEventLoop - instrumented a special java.util.Set into: sun.nio.ch.WindowsSelectorImpl@f325091
22:36:46.199 [main] TRACE io.netty.channel.nio.NioEventLoop - instrumented a special java.util.Set into: sun.nio.ch.WindowsSelectorImpl@437e951d
22:36:46.200 [main] TRACE io.netty.channel.nio.NioEventLoop - instrumented a special java.util.Set into: sun.nio.ch.WindowsSelectorImpl@77b325b3
22:36:46.200 [main] TRACE io.netty.channel.nio.NioEventLoop - instrumented a special java.util.Set into: sun.nio.ch.WindowsSelectorImpl@63a5e46c
22:36:46.201 [main] TRACE io.netty.channel.nio.NioEventLoop - instrumented a special java.util.Set into: sun.nio.ch.WindowsSelectorImpl@7e8e8651
22:36:46.202 [main] TRACE io.netty.channel.nio.NioEventLoop - instrumented a special java.util.Set into: sun.nio.ch.WindowsSelectorImpl@49ef32e0
22:36:46.202 [main] TRACE io.netty.channel.nio.NioEventLoop - instrumented a special java.util.Set into: sun.nio.ch.WindowsSelectorImpl@271f18d3
22:36:46.203 [main] TRACE io.netty.channel.nio.NioEventLoop - instrumented a special java.util.Set into: sun.nio.ch.WindowsSelectorImpl@6bd51ed8
22:36:46.204 [main] TRACE io.netty.channel.nio.NioEventLoop - instrumented a special java.util.Set into: sun.nio.ch.WindowsSelectorImpl@61e3a1fd
22:36:46.204 [main] TRACE io.netty.channel.nio.NioEventLoop - instrumented a special java.util.Set into: sun.nio.ch.WindowsSelectorImpl@51abf713
22:36:46.205 [main] TRACE io.netty.channel.nio.NioEventLoop - instrumented a special java.util.Set into: sun.nio.ch.WindowsSelectorImpl@eadb475
22:36:46.206 [main] TRACE io.netty.channel.nio.NioEventLoop - instrumented a special java.util.Set into: sun.nio.ch.WindowsSelectorImpl@4d4d48a6
22:36:46.206 [main] TRACE io.netty.channel.nio.NioEventLoop - instrumented a special java.util.Set into: sun.nio.ch.WindowsSelectorImpl@315df4bb
22:36:46.230 [main] DEBUG io.netty.buffer.PooledByteBufAllocator - -Dio.netty.allocator.numHeapArenas: 16
22:36:46.230 [main] DEBUG io.netty.buffer.PooledByteBufAllocator - -Dio.netty.allocator.numDirectArenas: 16
22:36:46.230 [main] DEBUG io.netty.buffer.PooledByteBufAllocator - -Dio.netty.allocator.pageSize: 8192
22:36:46.230 [main] DEBUG io.netty.buffer.PooledByteBufAllocator - -Dio.netty.allocator.maxOrder: 11
22:36:46.231 [main] DEBUG io.netty.buffer.PooledByteBufAllocator - -Dio.netty.allocator.chunkSize: 16777216
22:36:46.231 [main] DEBUG io.netty.buffer.PooledByteBufAllocator - -Dio.netty.allocator.smallCacheSize: 256
22:36:46.231 [main] DEBUG io.netty.buffer.PooledByteBufAllocator - -Dio.netty.allocator.normalCacheSize: 64
22:36:46.231 [main] DEBUG io.netty.buffer.PooledByteBufAllocator - -Dio.netty.allocator.maxCachedBufferCapacity: 32768
22:36:46.231 [main] DEBUG io.netty.buffer.PooledByteBufAllocator - -Dio.netty.allocator.cacheTrimInterval: 8192
22:36:46.231 [main] DEBUG io.netty.buffer.PooledByteBufAllocator - -Dio.netty.allocator.cacheTrimIntervalMillis: 0
22:36:46.231 [main] DEBUG io.netty.buffer.PooledByteBufAllocator - -Dio.netty.allocator.useCacheForAllThreads: true
22:36:46.231 [main] DEBUG io.netty.buffer.PooledByteBufAllocator - -Dio.netty.allocator.maxCachedByteBuffersPerChunk: 1023
22:36:46.240 [main] DEBUG io.netty.buffer.ByteBufUtil - -Dio.netty.allocator.type: pooled
22:36:46.240 [main] DEBUG io.netty.buffer.ByteBufUtil - -Dio.netty.threadLocalDirectBufferSize: 0
22:36:46.240 [main] DEBUG io.netty.buffer.ByteBufUtil - -Dio.netty.maxThreadLocalCharBufferSize: 16384
22:36:47.063 [Forwarding newSession on session null to remote] DEBUG io.netty.channel.DefaultChannelId - -Dio.netty.processId: 924 (auto-detected)
22:36:47.065 [Forwarding newSession on session null to remote] DEBUG io.netty.util.NetUtil - -Djava.net.preferIPv4Stack: false
22:36:47.065 [Forwarding newSession on session null to remote] DEBUG io.netty.util.NetUtil - -Djava.net.preferIPv6Addresses: false
22:36:47.184 [Forwarding newSession on session null to remote] DEBUG io.netty.util.NetUtilInitializations - Loopback interface: lo (Software Loopback Interface 1, 127.0.0.1)
22:36:47.185 [Forwarding newSession on session null to remote] DEBUG io.netty.util.NetUtil - Failed to get SOMAXCONN from sysctl and file \proc\sys\net\core\somaxconn. Default: 200
22:36:47.309 [Forwarding newSession on session null to remote] DEBUG io.netty.channel.DefaultChannelId - -Dio.netty.machineId: c8:b2:9b:ff:fe:47:aa:1d (auto-detected)
22:36:47.369 [AsyncHttpClient-1-2] DEBUG io.netty.buffer.AbstractByteBuf - -Dio.netty.buffer.checkAccessible: true
22:36:47.369 [AsyncHttpClient-1-2] DEBUG io.netty.buffer.AbstractByteBuf - -Dio.netty.buffer.checkBounds: true
22:36:47.369 [AsyncHttpClient-1-2] DEBUG io.netty.util.ResourceLeakDetectorFactory - Loaded default ResourceLeakDetector: io.netty.util.ResourceLeakDetector@827130c
22:36:47.398 [AsyncHttpClient-1-2] DEBUG io.netty.util.Recycler - -Dio.netty.recycler.maxCapacityPerThread: 4096
22:36:47.399 [AsyncHttpClient-1-2] DEBUG io.netty.util.Recycler - -Dio.netty.recycler.maxSharedCapacityFactor: 2
22:36:47.399 [AsyncHttpClient-1-2] DEBUG io.netty.util.Recycler - -Dio.netty.recycler.linkCapacity: 16
22:36:47.399 [AsyncHttpClient-1-2] DEBUG io.netty.util.Recycler - -Dio.netty.recycler.ratio: 8
22:36:47.399 [AsyncHttpClient-1-2] DEBUG io.netty.util.Recycler - -Dio.netty.recycler.delayedQueue.ratio: 8
22:36:48.230 [AsyncHttpClient-1-2] DEBUG io.netty.handler.codec.compression.Brotli - brotli4j not in the classpath; Brotli support will be unavailable.
22:36:48.376 [main] DEBUG io.netty.util.internal.ThreadLocalRandom - -Dio.netty.initialSeedUniquifier: 0x8d297af1ba02f06d
22:36:48.418 [main] INFO  testcases.TC_003_LoginDDTtestcase - Chrome browser Launched
22:36:49.348 [main] INFO  testcases.TC_003_LoginDDTtestcase - Log in DDT Test Started
22:36:50.810 [main] INFO  testcases.TC_003_LoginDDTtestcase - Home page Opened
22:36:51.214 [main] INFO  testcases.TC_003_LoginDDTtestcase - click the MyAccount option
22:36:52.416 [main] INFO  testcases.TC_003_LoginDDTtestcase - click the Login option
22:36:52.484 [main] INFO  testcases.TC_003_LoginDDTtestcase - TAke the email from xl sheet
22:36:52.539 [main] INFO  testcases.TC_003_LoginDDTtestcase - Take the pw from xl sheet
22:36:54.876 [main] INFO  testcases.TC_003_LoginDDTtestcase - Click the login button
22:36:54.918 [main] INFO  testcases.TC_003_LoginDDTtestcase - Login Success
22:36:57.028 [main] INFO  testcases.TC_003_LoginDDTtestcase - Logout from page
22:36:57.030 [main] INFO  testcases.TC_003_LoginDDTtestcase - TC_003_LoginDDTtest finished
22:36:57.044 [main] INFO  testcases.TC_003_LoginDDTtestcase - Log in DDT Test Started
22:36:58.249 [main] INFO  testcases.TC_003_LoginDDTtestcase - Home page Opened
22:36:58.300 [main] INFO  testcases.TC_003_LoginDDTtestcase - click the MyAccount option
22:36:59.532 [main] INFO  testcases.TC_003_LoginDDTtestcase - click the Login option
