22:36:59.596 [main] INFO  testcases.TC_003_LoginDDTtestcase - TAke the email from xl sheet
22:36:59.649 [main] INFO  testcases.TC_003_LoginDDTtestcase - Take the pw from xl sheet
22:37:01.021 [main] INFO  testcases.TC_003_LoginDDTtestcase - Click the login button
22:37:11.062 [main] INFO  testcases.TC_003_LoginDDTtestcase - TC_003_LoginDDTtest finished
22:37:11.063 [main] INFO  testcases.TC_003_LoginDDTtestcase - Log in DDT Test Started
22:37:12.297 [main] INFO  testcases.TC_003_LoginDDTtestcase - Home page Opened
22:37:12.351 [main] INFO  testcases.TC_003_LoginDDTtestcase - click the MyAccount option
22:37:13.601 [main] INFO  testcases.TC_003_LoginDDTtestcase - click the Login option
22:37:13.671 [main] INFO  testcases.TC_003_LoginDDTtestcase - TAke the email from xl sheet
22:37:13.731 [main] INFO  testcases.TC_003_LoginDDTtestcase - Take the pw from xl sheet
22:37:15.086 [main] INFO  testcases.TC_003_LoginDDTtestcase - Click the login button
22:37:25.117 [main] INFO  testcases.TC_003_LoginDDTtestcase - TC_003_LoginDDTtest finished
22:37:25.118 [main] INFO  testcases.TC_003_LoginDDTtestcase - Log in DDT Test Started
22:37:26.348 [main] INFO  testcases.TC_003_LoginDDTtestcase - Home page Opened
22:37:26.404 [main] INFO  testcases.TC_003_LoginDDTtestcase - click the MyAccount option
22:37:27.647 [main] INFO  testcases.TC_003_LoginDDTtestcase - click the Login option
22:37:27.721 [main] INFO  testcases.TC_003_LoginDDTtestcase - TAke the email from xl sheet
22:37:27.771 [main] INFO  testcases.TC_003_LoginDDTtestcase - Take the pw from xl sheet
22:37:29.229 [main] INFO  testcases.TC_003_LoginDDTtestcase - Click the login button
22:37:39.289 [main] INFO  testcases.TC_003_LoginDDTtestcase - TC_003_LoginDDTtest finished
22:37:39.289 [main] INFO  testcases.TC_003_LoginDDTtestcase - Log in DDT Test Started
22:37:40.519 [main] INFO  testcases.TC_003_LoginDDTtestcase - Home page Opened
22:37:40.567 [main] INFO  testcases.TC_003_LoginDDTtestcase - click the MyAccount option
22:37:41.824 [main] INFO  testcases.TC_003_LoginDDTtestcase - click the Login option
22:37:41.988 [main] INFO  testcases.TC_003_LoginDDTtestcase - Login failed
22:37:41.989 [main] INFO  testcases.TC_003_LoginDDTtestcase - TC_003_LoginDDTtest finished
20:56:44.826 [main] DEBUG io.netty.util.internal.logging.InternalLoggerFactory - Using Log4J2 as the default logging framework
20:56:44.841 [main] DEBUG io.netty.util.ResourceLeakDetector - -Dio.netty.leakDetection.level: simple
20:56:44.841 [main] DEBUG io.netty.util.ResourceLeakDetector - -Dio.netty.leakDetection.targetRecords: 4
20:56:44.847 [main] DEBUG io.netty.util.ResourceLeakDetectorFactory - Loaded default ResourceLeakDetector: io.netty.util.ResourceLeakDetector@4acf72b6
20:56:44.877 [main] DEBUG io.netty.util.internal.PlatformDependent0 - -Dio.netty.noUnsafe: false
20:56:44.878 [main] DEBUG io.netty.util.internal.PlatformDependent0 - Java version: 8
20:56:44.879 [main] DEBUG io.netty.util.internal.PlatformDependent0 - sun.misc.Unsafe.theUnsafe: available
20:56:44.880 [main] DEBUG io.netty.util.internal.PlatformDependent0 - sun.misc.Unsafe.copyMemory: available
20:56:44.881 [main] DEBUG io.netty.util.internal.PlatformDependent0 - java.nio.Buffer.address: available
20:56:44.881 [main] DEBUG io.netty.util.internal.PlatformDependent0 - direct buffer constructor: available
20:56:44.882 [main] DEBUG io.netty.util.internal.PlatformDependent0 - java.nio.Bits.unaligned: available, true
20:56:44.882 [main] DEBUG io.netty.util.internal.PlatformDependent0 - jdk.internal.misc.Unsafe.allocateUninitializedArray(int): unavailable prior to Java9
20:56:44.882 [main] DEBUG io.netty.util.internal.PlatformDependent0 - java.nio.DirectByteBuffer.<init>(long, int): available
20:56:44.882 [main] DEBUG io.netty.util.internal.PlatformDependent - sun.misc.Unsafe: available
20:56:44.883 [main] DEBUG io.netty.util.internal.PlatformDependent - -Dio.netty.tmpdir: C:\Users\91918\AppData\Local\Temp (java.io.tmpdir)
20:56:44.883 [main] DEBUG io.netty.util.internal.PlatformDependent - -Dio.netty.bitMode: 64 (sun.arch.data.model)
20:56:44.883 [main] DEBUG io.netty.util.internal.PlatformDependent - Platform: Windows
20:56:44.885 [main] DEBUG io.netty.util.internal.PlatformDependent - -Dio.netty.maxDirectMemory: 1860698112 bytes
20:56:44.885 [main] DEBUG io.netty.util.internal.PlatformDependent - -Dio.netty.uninitializedArrayAllocationThreshold: -1
20:56:44.887 [main] DEBUG io.netty.util.internal.CleanerJava6 - java.nio.ByteBuffer.cleaner(): available
20:56:44.887 [main] DEBUG io.netty.util.internal.PlatformDependent - -Dio.netty.noPreferDirect: false
20:56:44.900 [main] DEBUG io.netty.util.internal.PlatformDependent - org.jctools-core.MpscChunkedArrayQueue: available
20:56:44.931 [main] DEBUG io.netty.util.internal.InternalThreadLocalMap - -Dio.netty.threadLocalMap.stringBuilder.initialSize: 1024
20:56:44.931 [main] DEBUG io.netty.util.internal.InternalThreadLocalMap - -Dio.netty.threadLocalMap.stringBuilder.maxSize: 4096
20:56:44.950 [main] DEBUG io.netty.handler.ssl.JdkSslContext - Default protocols (JDK): [TLSv1.2] 
20:56:44.950 [main] DEBUG io.netty.handler.ssl.JdkSslContext - Default cipher suites (JDK): [TLS_ECDHE_ECDSA_WITH_AES_256_GCM_SHA384, TLS_ECDHE_ECDSA_WITH_AES_128_GCM_SHA256, TLS_ECDHE_RSA_WITH_AES_128_GCM_SHA256, TLS_ECDHE_RSA_WITH_AES_256_GCM_SHA384, TLS_ECDHE_RSA_WITH_AES_128_CBC_SHA, TLS_ECDHE_RSA_WITH_AES_256_CBC_SHA, TLS_RSA_WITH_AES_128_GCM_SHA256, TLS_RSA_WITH_AES_128_CBC_SHA, TLS_RSA_WITH_AES_256_CBC_SHA, TLS_AES_128_GCM_SHA256, TLS_AES_256_GCM_SHA384]
20:56:45.000 [main] DEBUG io.netty.channel.MultithreadEventLoopGroup - -Dio.netty.eventLoopThreads: 16
20:56:45.012 [main] DEBUG io.netty.channel.nio.NioEventLoop - -Dio.netty.noKeySetOptimization: false
20:56:45.012 [main] DEBUG io.netty.channel.nio.NioEventLoop - -Dio.netty.selectorAutoRebuildThreshold: 512
20:56:45.023 [main] TRACE io.netty.channel.nio.NioEventLoop - instrumented a special java.util.Set into: sun.nio.ch.WindowsSelectorImpl@1a78dacd
20:56:45.024 [main] TRACE io.netty.channel.nio.NioEventLoop - instrumented a special java.util.Set into: sun.nio.ch.WindowsSelectorImpl@2bfeb1ef
20:56:45.025 [main] TRACE io.netty.channel.nio.NioEventLoop - instrumented a special java.util.Set into: sun.nio.ch.WindowsSelectorImpl@778ca8ef
20:56:45.025 [main] TRACE io.netty.channel.nio.NioEventLoop - instrumented a special java.util.Set into: sun.nio.ch.WindowsSelectorImpl@208e9ef6
20:56:45.026 [main] TRACE io.netty.channel.nio.NioEventLoop - instrumented a special java.util.Set into: sun.nio.ch.WindowsSelectorImpl@78b236a0
20:56:45.027 [main] TRACE io.netty.channel.nio.NioEventLoop - instrumented a special java.util.Set into: sun.nio.ch.WindowsSelectorImpl@261d8190
20:56:45.028 [main] TRACE io.netty.channel.nio.NioEventLoop - instrumented a special java.util.Set into: sun.nio.ch.WindowsSelectorImpl@34448e6c
20:56:45.029 [main] TRACE io.netty.channel.nio.NioEventLoop - instrumented a special java.util.Set into: sun.nio.ch.WindowsSelectorImpl@60e9df3c
20:56:45.029 [main] TRACE io.netty.channel.nio.NioEventLoop - instrumented a special java.util.Set into: sun.nio.ch.WindowsSelectorImpl@907f2b7
20:56:45.030 [main] TRACE io.netty.channel.nio.NioEventLoop - instrumented a special java.util.Set into: sun.nio.ch.WindowsSelectorImpl@435ce306
20:56:45.031 [main] TRACE io.netty.channel.nio.NioEventLoop - instrumented a special java.util.Set into: sun.nio.ch.WindowsSelectorImpl@537b32ef
20:56:45.032 [main] TRACE io.netty.channel.nio.NioEventLoop - instrumented a special java.util.Set into: sun.nio.ch.WindowsSelectorImpl@7dc51783
20:56:45.033 [main] TRACE io.netty.channel.nio.NioEventLoop - instrumented a special java.util.Set into: sun.nio.ch.WindowsSelectorImpl@4b61d0c6
20:56:45.033 [main] TRACE io.netty.channel.nio.NioEventLoop - instrumented a special java.util.Set into: sun.nio.ch.WindowsSelectorImpl@6f815e7f
20:56:45.034 [main] TRACE io.netty.channel.nio.NioEventLoop - instrumented a special java.util.Set into: sun.nio.ch.WindowsSelectorImpl@65e7f52a
20:56:45.035 [main] TRACE io.netty.channel.nio.NioEventLoop - instrumented a special java.util.Set into: sun.nio.ch.WindowsSelectorImpl@304b9f1a
20:56:45.067 [main] DEBUG io.netty.buffer.PooledByteBufAllocator - -Dio.netty.allocator.numHeapArenas: 16
20:56:45.067 [main] DEBUG io.netty.buffer.PooledByteBufAllocator - -Dio.netty.allocator.numDirectArenas: 16
20:56:45.067 [main] DEBUG io.netty.buffer.PooledByteBufAllocator - -Dio.netty.allocator.pageSize: 8192
20:56:45.067 [main] DEBUG io.netty.buffer.PooledByteBufAllocator - -Dio.netty.allocator.maxOrder: 11
20:56:45.067 [main] DEBUG io.netty.buffer.PooledByteBufAllocator - -Dio.netty.allocator.chunkSize: 16777216
20:56:45.067 [main] DEBUG io.netty.buffer.PooledByteBufAllocator - -Dio.netty.allocator.smallCacheSize: 256
20:56:45.067 [main] DEBUG io.netty.buffer.PooledByteBufAllocator - -Dio.netty.allocator.normalCacheSize: 64
20:56:45.067 [main] DEBUG io.netty.buffer.PooledByteBufAllocator - -Dio.netty.allocator.maxCachedBufferCapacity: 32768
20:56:45.067 [main] DEBUG io.netty.buffer.PooledByteBufAllocator - -Dio.netty.allocator.cacheTrimInterval: 8192
20:56:45.068 [main] DEBUG io.netty.buffer.PooledByteBufAllocator - -Dio.netty.allocator.cacheTrimIntervalMillis: 0
20:56:45.068 [main] DEBUG io.netty.buffer.PooledByteBufAllocator - -Dio.netty.allocator.useCacheForAllThreads: true
20:56:45.068 [main] DEBUG io.netty.buffer.PooledByteBufAllocator - -Dio.netty.allocator.maxCachedByteBuffersPerChunk: 1023
20:56:45.081 [main] DEBUG io.netty.buffer.ByteBufUtil - -Dio.netty.allocator.type: pooled
20:56:45.081 [main] DEBUG io.netty.buffer.ByteBufUtil - -Dio.netty.threadLocalDirectBufferSize: 0
20:56:45.081 [main] DEBUG io.netty.buffer.ByteBufUtil - -Dio.netty.maxThreadLocalCharBufferSize: 16384
20:56:46.009 [Forwarding newSession on session null to remote] DEBUG io.netty.channel.DefaultChannelId - -Dio.netty.processId: 8108 (auto-detected)
20:56:46.012 [Forwarding newSession on session null to remote] DEBUG io.netty.util.NetUtil - -Djava.net.preferIPv4Stack: false
20:56:46.012 [Forwarding newSession on session null to remote] DEBUG io.netty.util.NetUtil - -Djava.net.preferIPv6Addresses: false
20:56:46.181 [Forwarding newSession on session null to remote] DEBUG io.netty.util.NetUtilInitializations - Loopback interface: lo (Software Loopback Interface 1, 127.0.0.1)
20:56:46.182 [Forwarding newSession on session null to remote] DEBUG io.netty.util.NetUtil - Failed to get SOMAXCONN from sysctl and file \proc\sys\net\core\somaxconn. Default: 200
20:56:46.334 [Forwarding newSession on session null to remote] DEBUG io.netty.channel.DefaultChannelId - -Dio.netty.machineId: c8:b2:9b:ff:fe:47:aa:1d (auto-detected)
20:56:46.406 [AsyncHttpClient-1-2] DEBUG io.netty.buffer.AbstractByteBuf - -Dio.netty.buffer.checkAccessible: true
20:56:46.407 [AsyncHttpClient-1-2] DEBUG io.netty.buffer.AbstractByteBuf - -Dio.netty.buffer.checkBounds: true
20:56:46.407 [AsyncHttpClient-1-2] DEBUG io.netty.util.ResourceLeakDetectorFactory - Loaded default ResourceLeakDetector: io.netty.util.ResourceLeakDetector@2ac54e3d
20:56:46.437 [AsyncHttpClient-1-2] DEBUG io.netty.util.Recycler - -Dio.netty.recycler.maxCapacityPerThread: 4096
20:56:46.437 [AsyncHttpClient-1-2] DEBUG io.netty.util.Recycler - -Dio.netty.recycler.maxSharedCapacityFactor: 2
20:56:46.437 [AsyncHttpClient-1-2] DEBUG io.netty.util.Recycler - -Dio.netty.recycler.linkCapacity: 16
20:56:46.437 [AsyncHttpClient-1-2] DEBUG io.netty.util.Recycler - -Dio.netty.recycler.ratio: 8
20:56:46.437 [AsyncHttpClient-1-2] DEBUG io.netty.util.Recycler - -Dio.netty.recycler.delayedQueue.ratio: 8
20:56:47.355 [AsyncHttpClient-1-2] DEBUG io.netty.handler.codec.compression.Brotli - brotli4j not in the classpath; Brotli support will be unavailable.
20:56:47.615 [main] DEBUG io.netty.util.internal.ThreadLocalRandom - -Dio.netty.initialSeedUniquifier: 0x54b5644467115786
20:56:47.677 [main] INFO  testcases.TC_001_AccountRegistration - Chrome browser Launched
20:56:47.702 [main] INFO  testcases.TC_001_AccountRegistration - Act Registration testcase started
20:56:49.611 [main] INFO  testcases.TC_001_AccountRegistration - Opencart Webpage launched
20:56:49.649 [main] INFO  testcases.TC_001_AccountRegistration - Home page obj class created
20:56:50.002 [main] INFO  testcases.TC_001_AccountRegistration - click on My Account
20:56:51.259 [main] INFO  testcases.TC_001_AccountRegistration - click on Register Link
20:56:51.333 [main] INFO  testcases.TC_001_AccountRegistration - Enter first name
20:56:51.404 [main] INFO  testcases.TC_001_AccountRegistration - Enter last name
20:56:51.476 [main] INFO  testcases.TC_001_AccountRegistration - Enter Telephone number
20:56:51.545 [main] INFO  testcases.TC_001_AccountRegistration - random generate email
20:56:51.607 [main] INFO  testcases.TC_001_AccountRegistration - setting password
20:56:51.674 [main] INFO  testcases.TC_001_AccountRegistration - confirm password entered
20:56:51.720 [main] INFO  testcases.TC_001_AccountRegistration - click the radio button yes
20:56:51.771 [main] INFO  testcases.TC_001_AccountRegistration - click the Privacy Policy Checkbox
20:56:54.129 [main] INFO  testcases.TC_001_AccountRegistration - click continue button
20:56:54.160 [main] INFO  testcases.TC_001_AccountRegistration - Account created
20:56:54.162 [main] INFO  testcases.TC_001_AccountRegistration - Acct registration Finished
20:56:55.725 [main] INFO  testcases.TC_002_Logintest - Chrome browser Launched
20:56:55.729 [main] INFO  testcases.TC_002_Logintest - Log in Test Started
20:56:57.231 [main] INFO  testcases.TC_002_Logintest - Home page Opened
20:56:57.750 [main] INFO  testcases.TC_002_Logintest - click the MyAccount option
20:56:59.014 [main] INFO  testcases.TC_002_Logintest - click the Login option
20:56:59.110 [main] INFO  testcases.TC_002_Logintest - Enter the email id
20:56:59.187 [main] INFO  testcases.TC_002_Logintest - Enter the password
20:57:01.574 [main] INFO  testcases.TC_002_Logintest - Click the login button
20:57:01.624 [main] INFO  testcases.TC_002_Logintest - Login Success
20:57:01.624 [main] INFO  testcases.TC_002_Logintest - TC_002_Logintest finished
20:57:02.356 [AsyncHttpClient-1-3] DEBUG io.netty.buffer.PoolThreadCache - Freed 2 thread-local buffer(s) from thread: AsyncHttpClient-1-3
20:57:02.356 [AsyncHttpClient-1-4] DEBUG io.netty.buffer.PoolThreadCache - Freed 3 thread-local buffer(s) from thread: AsyncHttpClient-1-4
